<?xml version="1.0" encoding="UTF-8"?>
<testng-results skipped="0" failed="0" total="1" passed="1">
  <reporter-output>
  </reporter-output>
  <suite name="Default suite" duration-ms="15525" started-at="2019-11-20T07:30:59Z" finished-at="2019-11-20T07:31:15Z">
    <groups>
    </groups>
    <test name="Default test" duration-ms="15525" started-at="2019-11-20T07:30:59Z" finished-at="2019-11-20T07:31:15Z">
      <class name="POM.PageImplemention">
        <test-method status="PASS" signature="f()[pri:0, instance:POM.PageImplemention@1888ff2c]" name="f" duration-ms="15497" started-at="2019-11-20T13:00:59Z" finished-at="2019-11-20T13:01:15Z">
          <reporter-output>
          </reporter-output>
        </test-method> <!-- f -->
      </class> <!-- POM.PageImplemention -->
    </test> <!-- Default test -->
  </suite> <!-- Default suite -->
</testng-results>
